<?xml version="1.0" encoding="UTF-8"?>
<testsuites name="api-regression" tests="2" failures="2" skipped="0" time="0.026">
  <testsuite name="服务健康检查" tests="2" failures="2" skipped="0" errors="0" time="0.019" timestamp="2026-06-14T15:05:52.052Z">
    <testcase classname="health-check.info-endpoint" name="服务信息接口" time="0.016">
      <error message="请求执行错误" type="RequestError">
        <![CDATA[HttpRequestError: 网络连接失败 [ECONNREFUSED]: request to http://localhost:3000/info failed, reason: 
    at HttpClient.send (/Users/jiayun/program/seed/require/task0610/task29-api-regression/api-regression/dist/core/httpClient.js:80:19)
    at process.processTicksAndRejections (node:internal/process/task_queues:104:5)
    at async TestRunner.runTestCase (/Users/jiayun/program/seed/require/task0610/task29-api-regression/api-regression/dist/core/runner.js:365:47)
    at async Promise.all (index 0)
    at async TestRunner.runSuite (/Users/jiayun/program/seed/require/task0610/task29-api-regression/api-regression/dist/core/runner.js:107:33)
    at async TestRunner.run (/Users/jiayun/program/seed/require/task0610/task29-api-regression/api-regression/dist/core/runner.js:27:33)
    at async executeRun (/Users/jiayun/program/seed/require/task0610/task29-api-regression/api-regression/dist/cli.js:198:21)
    at async Command.<anonymous> (/Users/jiayun/program/seed/require/task0610/task29-api-regression/api-regression/dist/cli.js:56:13)
    at async Command.parseAsync (/Users/jiayun/program/seed/require/task0610/task29-api-regression/api-regression/node_modules/commander/lib/command.js:936:5)
    at async main (/Users/jiayun/program/seed/require/task0610/task29-api-regression/api-regression/dist/cli.js:125:5)]]>
      </error>
      <failure message="网络连接失败 [ECONNREFUSED]: request to http://localhost:3000/info failed, reason: " type="request:critical">
        <![CDATA[断言类型: request
严重级别: critical
消息: 网络连接失败 [ECONNREFUSED]: request to http://localhost:3000/info failed, reason: 

请求: GET http://localhost:3000/info
]]>
      </failure>
    </testcase>
    <testcase classname="health-check.health-endpoint" name="健康检查接口" time="0.006">
      <error message="请求执行错误" type="RequestError">
        <![CDATA[HttpRequestError: 网络连接失败 [ECONNREFUSED]: request to http://localhost:3000/health failed, reason: 
    at HttpClient.send (/Users/jiayun/program/seed/require/task0610/task29-api-regression/api-regression/dist/core/httpClient.js:80:19)
    at process.processTicksAndRejections (node:internal/process/task_queues:104:5)
    at async TestRunner.runTestCase (/Users/jiayun/program/seed/require/task0610/task29-api-regression/api-regression/dist/core/runner.js:365:47)
    at async Promise.all (index 1)
    at async TestRunner.runSuite (/Users/jiayun/program/seed/require/task0610/task29-api-regression/api-regression/dist/core/runner.js:107:33)
    at async TestRunner.run (/Users/jiayun/program/seed/require/task0610/task29-api-regression/api-regression/dist/core/runner.js:27:33)
    at async executeRun (/Users/jiayun/program/seed/require/task0610/task29-api-regression/api-regression/dist/cli.js:198:21)
    at async Command.<anonymous> (/Users/jiayun/program/seed/require/task0610/task29-api-regression/api-regression/dist/cli.js:56:13)
    at async Command.parseAsync (/Users/jiayun/program/seed/require/task0610/task29-api-regression/api-regression/node_modules/commander/lib/command.js:936:5)
    at async main (/Users/jiayun/program/seed/require/task0610/task29-api-regression/api-regression/dist/cli.js:125:5)]]>
      </error>
      <failure message="网络连接失败 [ECONNREFUSED]: request to http://localhost:3000/health failed, reason: " type="request:critical">
        <![CDATA[断言类型: request
严重级别: critical
消息: 网络连接失败 [ECONNREFUSED]: request to http://localhost:3000/health failed, reason: 

请求: GET http://localhost:3000/health
]]>
      </failure>
    </testcase>
  </testsuite>
</testsuites>
